0 info it worked if it ends with ok
1 verbose cli [ '/Users/shinminho/.nvm/versions/node/v4.5.0/bin/node',
1 verbose cli   '/Users/shinminho/.nvm/versions/node/v4.5.0/bin/npm',
1 verbose cli   'run',
1 verbose cli   'node' ]
2 info using npm@3.10.8
3 info using node@v4.5.0
4 verbose stack Error: missing script: node
4 verbose stack     at run (/Users/shinminho/.nvm/versions/node/v4.5.0/lib/node_modules/npm/lib/run-script.js:151:19)
4 verbose stack     at /Users/shinminho/.nvm/versions/node/v4.5.0/lib/node_modules/npm/lib/run-script.js:61:5
4 verbose stack     at /Users/shinminho/.nvm/versions/node/v4.5.0/lib/node_modules/npm/node_modules/read-package-json/read-json.js:356:5
4 verbose stack     at checkBinReferences_ (/Users/shinminho/.nvm/versions/node/v4.5.0/lib/node_modules/npm/node_modules/read-package-json/read-json.js:320:45)
4 verbose stack     at final (/Users/shinminho/.nvm/versions/node/v4.5.0/lib/node_modules/npm/node_modules/read-package-json/read-json.js:354:3)
4 verbose stack     at then (/Users/shinminho/.nvm/versions/node/v4.5.0/lib/node_modules/npm/node_modules/read-package-json/read-json.js:124:5)
4 verbose stack     at /Users/shinminho/.nvm/versions/node/v4.5.0/lib/node_modules/npm/node_modules/read-package-json/read-json.js:311:12
4 verbose stack     at /Users/shinminho/.nvm/versions/node/v4.5.0/lib/node_modules/npm/node_modules/graceful-fs/graceful-fs.js:78:16
4 verbose stack     at FSReqWrap.readFileAfterClose [as oncomplete] (fs.js:380:3)
5 verbose cwd /Users/shinminho/Education/Bootcamp.CodeState/CodeStatesImmersive/Group.Project/originalReactReduxExpressClean
6 error Darwin 16.0.0
7 error argv "/Users/shinminho/.nvm/versions/node/v4.5.0/bin/node" "/Users/shinminho/.nvm/versions/node/v4.5.0/bin/npm" "run" "node"
8 error node v4.5.0
9 error npm  v3.10.8
10 error missing script: node
11 error If you need help, you may report this error at:
11 error     <https://github.com/npm/npm/issues>
12 verbose exit [ 1, true ]
